<?xml version="1.0" encoding="UTF-8"?>
<!-- Generated by org.testng.reporters.JUnitXMLReporter -->
<testsuite hostname="Aby-HP" ignored="0" name="Validating Title in the page" tests="1" failures="1" timestamp="25 Oct 2020 09:48:51 GMT" time="12.363" errors="0">
  <testcase name="textValidation" time="0.053" classname="MavenProject.ValidateTitle">
    <failure type="java.lang.AssertionError" message="expected [Gmail1] but found [Gmail]">
      <![CDATA[java.lang.AssertionError: expected [Gmail1] but found [Gmail]
at MavenProject.ValidateTitle.textValidation(ValidateTitle.java:30)
at java.util.concurrent.FutureTask.run(Unknown Source)
at java.util.concurrent.ThreadPoolExecutor.runWorker(Unknown Source)
at java.util.concurrent.ThreadPoolExecutor$Worker.run(Unknown Source)
at java.lang.Thread.run(Unknown Source)
... Removed 22 stack frames]]>
    </failure>
  </testcase> <!-- textValidation -->
</testsuite> <!-- Validating Title in the page -->
