-------------------------------------------------------------------------------
Test set: TestSuite
-------------------------------------------------------------------------------
Tests run: 2, Failures: 1, Errors: 0, Skipped: 0, Time elapsed: 26.966 s <<< FAILURE! - in TestSuite
MavenProject.ValidateTitle.textValidation  Time elapsed: 0.314 s  <<< FAILURE!
java.lang.AssertionError: expected [Gmail1] but found [Gmail]
	at MavenProject.ValidateTitle.textValidation(ValidateTitle.java:30)

