<?xml version="1.0" encoding="UTF-8"?>
<testsuite xmlns:xsi="http://www.w3.org/2001/XMLSchema-instance" xsi:noNamespaceSchemaLocation="https://maven.apache.org/surefire/maven-surefire-plugin/xsd/surefire-test-report-3.0.xsd" version="3.0" name="TestSuite" time="26.966" tests="2" errors="0" skipped="0" failures="1">
  <properties>
[...]
</properties>
  <testcase name="textValidation" classname="MavenProject.ValidateTitle" time="0.314">
    <failure message="expected [Gmail1] but found [Gmail]" type="java.lang.AssertionError"><![CDATA[java.lang.AssertionError: expected [Gmail1] but found [Gmail]
	at MavenProject.ValidateTitle.textValidation(ValidateTitle.java:30)
]]></failure>
    <system-err><![CDATA[Starting ChromeDriver 85.0.4183.87 (cd6713ebf92fa1cacc0f1a598df280093af0c5d7-refs/branch-heads/4183@{#1689}) on port 11941
Only local connections are allowed.
Please see https://chromedriver.chromium.org/security-considerations for suggestions on keeping ChromeDriver safe.
Starting ChromeDriCvehrr o8m5e.Dr0i.v4e1r8 3w.a8s7 s t(cadr6t7e13d esbuf9c2cfeas1scfauclcl0yf.1
a598df280093af0c5d7-refs/branch-heads/4183@{#1689}) on port 21104
Only local connections are allowed.
Please see https://chromedriver.chromium.org/security-considerations for suggestions on keeping ChromeDriver safe.
ChromeDriver was started successfully.
[1603634017.627][WARNING]: This version of ChromeDriver has not been tested with Chrome version 86.
[1603634017.694][WARNING]: This version of ChromeDriver has not been tested with Chrome version 86.
Oct 25, 2020 7:23:39 PM org.openqa.selenium.remote.ProtocolHandshake createSession
INFO: Detected dialect: W3C
Oct 25, 2020 7:23:39 PM org.openqa.selenium.remote.ProtocolHandshake createSession
INFO: Detected dialect: W3C
]]></system-err>
  </testcase>
  <testcase name="basePageNavigation[facebook, Password](1)" classname="MavenProject.HomePage" time="18.541"/>
</testsuite>